OIL-MAMMO_dtc_experiment_code_ANOTHER-CONTROL_py_0_csv,2
OIL-MAMMO_dtc_experiment_code_ANOTHER-CONTROL_py_10_csv,14
OIL-MAMMO_dtc_experiment_code_ANOTHER-CONTROL_py_11_csv,15
OIL-MAMMO_dtc_experiment_code_ANOTHER-CONTROL_py_12_csv,17
OIL-MAMMO_dtc_experiment_code_ANOTHER-CONTROL_py_13_csv,5
OIL-MAMMO_dtc_experiment_code_ANOTHER-CONTROL_py_14_csv,28
OIL-MAMMO_dtc_experiment_code_ANOTHER-CONTROL_py_15_csv,23
OIL-MAMMO_dtc_experiment_code_ANOTHER-CONTROL_py_16_csv,27
OIL-MAMMO_dtc_experiment_code_ANOTHER-CONTROL_py_17_csv,21
OIL-MAMMO_dtc_experiment_code_ANOTHER-CONTROL_py_18_csv,22
OIL-MAMMO_dtc_experiment_code_ANOTHER-CONTROL_py_19_csv,30
OIL-MAMMO_dtc_experiment_code_ANOTHER-CONTROL_py_1_csv,32
OIL-MAMMO_dtc_experiment_code_ANOTHER-CONTROL_py_20_csv,24
OIL-MAMMO_dtc_experiment_code_ANOTHER-CONTROL_py_21_csv,19
OIL-MAMMO_dtc_experiment_code_ANOTHER-CONTROL_py_22_csv,9
OIL-MAMMO_dtc_experiment_code_ANOTHER-CONTROL_py_23_csv,16
OIL-MAMMO_dtc_experiment_code_ANOTHER-CONTROL_py_24_csv,25
OIL-MAMMO_dtc_experiment_code_ANOTHER-CONTROL_py_25_csv,33
OIL-MAMMO_dtc_experiment_code_ANOTHER-CONTROL_py_26_csv,31
OIL-MAMMO_dtc_experiment_code_ANOTHER-CONTROL_py_27_csv,18
OIL-MAMMO_dtc_experiment_code_ANOTHER-CONTROL_py_28_csv,10
OIL-MAMMO_dtc_experiment_code_ANOTHER-CONTROL_py_29_csv,20
OIL-MAMMO_dtc_experiment_code_ANOTHER-CONTROL_py_2_csv,26
OIL-MAMMO_dtc_experiment_code_ANOTHER-CONTROL_py_3_csv,8
OIL-MAMMO_dtc_experiment_code_ANOTHER-CONTROL_py_4_csv,11
OIL-MAMMO_dtc_experiment_code_ANOTHER-CONTROL_py_5_csv,29
OIL-MAMMO_dtc_experiment_code_ANOTHER-CONTROL_py_6_csv,1
OIL-MAMMO_dtc_experiment_code_ANOTHER-CONTROL_py_7_csv,3
OIL-MAMMO_dtc_experiment_code_ANOTHER-CONTROL_py_8_csv,6
OIL-MAMMO_dtc_experiment_code_ANOTHER-CONTROL_py_9_csv,7
OIL-MAMMO_dtc_experiment_code_CONTROL_py_0_csv,2
OIL-MAMMO_dtc_experiment_code_CONTROL_py_10_csv,14
OIL-MAMMO_dtc_experiment_code_CONTROL_py_11_csv,15
OIL-MAMMO_dtc_experiment_code_CONTROL_py_12_csv,17
OIL-MAMMO_dtc_experiment_code_CONTROL_py_13_csv,5
OIL-MAMMO_dtc_experiment_code_CONTROL_py_14_csv,28
OIL-MAMMO_dtc_experiment_code_CONTROL_py_15_csv,23
OIL-MAMMO_dtc_experiment_code_CONTROL_py_16_csv,27
OIL-MAMMO_dtc_experiment_code_CONTROL_py_17_csv,21
OIL-MAMMO_dtc_experiment_code_CONTROL_py_18_csv,22
OIL-MAMMO_dtc_experiment_code_CONTROL_py_19_csv,30
OIL-MAMMO_dtc_experiment_code_CONTROL_py_1_csv,32
OIL-MAMMO_dtc_experiment_code_CONTROL_py_20_csv,24
OIL-MAMMO_dtc_experiment_code_CONTROL_py_21_csv,19
OIL-MAMMO_dtc_experiment_code_CONTROL_py_22_csv,9
OIL-MAMMO_dtc_experiment_code_CONTROL_py_23_csv,16
OIL-MAMMO_dtc_experiment_code_CONTROL_py_24_csv,25
OIL-MAMMO_dtc_experiment_code_CONTROL_py_25_csv,33
OIL-MAMMO_dtc_experiment_code_CONTROL_py_26_csv,31
OIL-MAMMO_dtc_experiment_code_CONTROL_py_27_csv,18
OIL-MAMMO_dtc_experiment_code_CONTROL_py_28_csv,10
OIL-MAMMO_dtc_experiment_code_CONTROL_py_29_csv,20
OIL-MAMMO_dtc_experiment_code_CONTROL_py_2_csv,26
OIL-MAMMO_dtc_experiment_code_CONTROL_py_3_csv,8
OIL-MAMMO_dtc_experiment_code_CONTROL_py_4_csv,11
OIL-MAMMO_dtc_experiment_code_CONTROL_py_5_csv,29
OIL-MAMMO_dtc_experiment_code_CONTROL_py_6_csv,1
OIL-MAMMO_dtc_experiment_code_CONTROL_py_7_csv,3
OIL-MAMMO_dtc_experiment_code_CONTROL_py_8_csv,6
OIL-MAMMO_dtc_experiment_code_CONTROL_py_9_csv,7
