IRIS-HABER_dtc_experiment_code_API_py_0_csv,2
IRIS-HABER_dtc_experiment_code_API_py_10_csv,0
IRIS-HABER_dtc_experiment_code_API_py_11_csv,1
IRIS-HABER_dtc_experiment_code_API_py_12_csv,15
IRIS-HABER_dtc_experiment_code_API_py_13_csv,6
IRIS-HABER_dtc_experiment_code_API_py_14_csv,16
IRIS-HABER_dtc_experiment_code_API_py_15_csv,9
IRIS-HABER_dtc_experiment_code_API_py_16_csv,3
IRIS-HABER_dtc_experiment_code_API_py_17_csv,13
IRIS-HABER_dtc_experiment_code_API_py_18_csv,3
IRIS-HABER_dtc_experiment_code_API_py_19_csv,2
IRIS-HABER_dtc_experiment_code_API_py_1_csv,1
IRIS-HABER_dtc_experiment_code_API_py_20_csv,13
IRIS-HABER_dtc_experiment_code_API_py_21_csv,1
IRIS-HABER_dtc_experiment_code_API_py_22_csv,6
IRIS-HABER_dtc_experiment_code_API_py_23_csv,1
IRIS-HABER_dtc_experiment_code_API_py_24_csv,0
IRIS-HABER_dtc_experiment_code_API_py_25_csv,17
IRIS-HABER_dtc_experiment_code_API_py_26_csv,15
IRIS-HABER_dtc_experiment_code_API_py_27_csv,12
IRIS-HABER_dtc_experiment_code_API_py_28_csv,1
IRIS-HABER_dtc_experiment_code_API_py_29_csv,15
IRIS-HABER_dtc_experiment_code_API_py_2_csv,6
IRIS-HABER_dtc_experiment_code_API_py_3_csv,2
IRIS-HABER_dtc_experiment_code_API_py_4_csv,14
IRIS-HABER_dtc_experiment_code_API_py_5_csv,1
IRIS-HABER_dtc_experiment_code_API_py_6_csv,17
IRIS-HABER_dtc_experiment_code_API_py_7_csv,4
IRIS-HABER_dtc_experiment_code_API_py_8_csv,17
IRIS-HABER_dtc_experiment_code_API_py_9_csv,1
IRIS-HABER_dtc_experiment_code_CONTROL_py_0_csv,1
IRIS-HABER_dtc_experiment_code_CONTROL_py_10_csv,13
IRIS-HABER_dtc_experiment_code_CONTROL_py_11_csv,4
IRIS-HABER_dtc_experiment_code_CONTROL_py_12_csv,1
IRIS-HABER_dtc_experiment_code_CONTROL_py_13_csv,15
IRIS-HABER_dtc_experiment_code_CONTROL_py_14_csv,1
IRIS-HABER_dtc_experiment_code_CONTROL_py_15_csv,8
IRIS-HABER_dtc_experiment_code_CONTROL_py_16_csv,7
IRIS-HABER_dtc_experiment_code_CONTROL_py_17_csv,17
IRIS-HABER_dtc_experiment_code_CONTROL_py_18_csv,11
IRIS-HABER_dtc_experiment_code_CONTROL_py_19_csv,7
IRIS-HABER_dtc_experiment_code_CONTROL_py_1_csv,9
IRIS-HABER_dtc_experiment_code_CONTROL_py_20_csv,11
IRIS-HABER_dtc_experiment_code_CONTROL_py_21_csv,3
IRIS-HABER_dtc_experiment_code_CONTROL_py_22_csv,1
IRIS-HABER_dtc_experiment_code_CONTROL_py_23_csv,17
IRIS-HABER_dtc_experiment_code_CONTROL_py_24_csv,3
IRIS-HABER_dtc_experiment_code_CONTROL_py_25_csv,16
IRIS-HABER_dtc_experiment_code_CONTROL_py_26_csv,16
IRIS-HABER_dtc_experiment_code_CONTROL_py_27_csv,15
IRIS-HABER_dtc_experiment_code_CONTROL_py_28_csv,1
IRIS-HABER_dtc_experiment_code_CONTROL_py_29_csv,10
IRIS-HABER_dtc_experiment_code_CONTROL_py_2_csv,14
IRIS-HABER_dtc_experiment_code_CONTROL_py_3_csv,0
IRIS-HABER_dtc_experiment_code_CONTROL_py_4_csv,14
IRIS-HABER_dtc_experiment_code_CONTROL_py_5_csv,0
IRIS-HABER_dtc_experiment_code_CONTROL_py_6_csv,12
IRIS-HABER_dtc_experiment_code_CONTROL_py_7_csv,10
IRIS-HABER_dtc_experiment_code_CONTROL_py_8_csv,10
IRIS-HABER_dtc_experiment_code_CONTROL_py_9_csv,12
