IONO-SOLAR_dtc_experiment_code_ANOTHER-CONTROL_py_0_csv,2
IONO-SOLAR_dtc_experiment_code_ANOTHER-CONTROL_py_10_csv,27
IONO-SOLAR_dtc_experiment_code_ANOTHER-CONTROL_py_11_csv,18
IONO-SOLAR_dtc_experiment_code_ANOTHER-CONTROL_py_12_csv,17
IONO-SOLAR_dtc_experiment_code_ANOTHER-CONTROL_py_13_csv,29
IONO-SOLAR_dtc_experiment_code_ANOTHER-CONTROL_py_14_csv,8
IONO-SOLAR_dtc_experiment_code_ANOTHER-CONTROL_py_15_csv,20
IONO-SOLAR_dtc_experiment_code_ANOTHER-CONTROL_py_16_csv,24
IONO-SOLAR_dtc_experiment_code_ANOTHER-CONTROL_py_17_csv,26
IONO-SOLAR_dtc_experiment_code_ANOTHER-CONTROL_py_18_csv,4
IONO-SOLAR_dtc_experiment_code_ANOTHER-CONTROL_py_19_csv,21
IONO-SOLAR_dtc_experiment_code_ANOTHER-CONTROL_py_1_csv,5
IONO-SOLAR_dtc_experiment_code_ANOTHER-CONTROL_py_20_csv,29
IONO-SOLAR_dtc_experiment_code_ANOTHER-CONTROL_py_21_csv,26
IONO-SOLAR_dtc_experiment_code_ANOTHER-CONTROL_py_22_csv,23
IONO-SOLAR_dtc_experiment_code_ANOTHER-CONTROL_py_23_csv,9
IONO-SOLAR_dtc_experiment_code_ANOTHER-CONTROL_py_24_csv,16
IONO-SOLAR_dtc_experiment_code_ANOTHER-CONTROL_py_25_csv,29
IONO-SOLAR_dtc_experiment_code_ANOTHER-CONTROL_py_26_csv,25
IONO-SOLAR_dtc_experiment_code_ANOTHER-CONTROL_py_27_csv,10
IONO-SOLAR_dtc_experiment_code_ANOTHER-CONTROL_py_28_csv,13
IONO-SOLAR_dtc_experiment_code_ANOTHER-CONTROL_py_29_csv,6
IONO-SOLAR_dtc_experiment_code_ANOTHER-CONTROL_py_2_csv,3
IONO-SOLAR_dtc_experiment_code_ANOTHER-CONTROL_py_3_csv,28
IONO-SOLAR_dtc_experiment_code_ANOTHER-CONTROL_py_4_csv,11
IONO-SOLAR_dtc_experiment_code_ANOTHER-CONTROL_py_5_csv,12
IONO-SOLAR_dtc_experiment_code_ANOTHER-CONTROL_py_6_csv,15
IONO-SOLAR_dtc_experiment_code_ANOTHER-CONTROL_py_7_csv,22
IONO-SOLAR_dtc_experiment_code_ANOTHER-CONTROL_py_8_csv,17
IONO-SOLAR_dtc_experiment_code_ANOTHER-CONTROL_py_9_csv,14
IONO-SOLAR_dtc_experiment_code_CONTROL_py_0_csv,2
IONO-SOLAR_dtc_experiment_code_CONTROL_py_10_csv,27
IONO-SOLAR_dtc_experiment_code_CONTROL_py_11_csv,18
IONO-SOLAR_dtc_experiment_code_CONTROL_py_12_csv,17
IONO-SOLAR_dtc_experiment_code_CONTROL_py_13_csv,29
IONO-SOLAR_dtc_experiment_code_CONTROL_py_14_csv,8
IONO-SOLAR_dtc_experiment_code_CONTROL_py_15_csv,20
IONO-SOLAR_dtc_experiment_code_CONTROL_py_16_csv,24
IONO-SOLAR_dtc_experiment_code_CONTROL_py_17_csv,26
IONO-SOLAR_dtc_experiment_code_CONTROL_py_18_csv,4
IONO-SOLAR_dtc_experiment_code_CONTROL_py_19_csv,21
IONO-SOLAR_dtc_experiment_code_CONTROL_py_1_csv,5
IONO-SOLAR_dtc_experiment_code_CONTROL_py_20_csv,29
IONO-SOLAR_dtc_experiment_code_CONTROL_py_21_csv,26
IONO-SOLAR_dtc_experiment_code_CONTROL_py_22_csv,23
IONO-SOLAR_dtc_experiment_code_CONTROL_py_23_csv,9
IONO-SOLAR_dtc_experiment_code_CONTROL_py_24_csv,16
IONO-SOLAR_dtc_experiment_code_CONTROL_py_25_csv,29
IONO-SOLAR_dtc_experiment_code_CONTROL_py_26_csv,25
IONO-SOLAR_dtc_experiment_code_CONTROL_py_27_csv,10
IONO-SOLAR_dtc_experiment_code_CONTROL_py_28_csv,13
IONO-SOLAR_dtc_experiment_code_CONTROL_py_29_csv,6
IONO-SOLAR_dtc_experiment_code_CONTROL_py_2_csv,3
IONO-SOLAR_dtc_experiment_code_CONTROL_py_3_csv,28
IONO-SOLAR_dtc_experiment_code_CONTROL_py_4_csv,11
IONO-SOLAR_dtc_experiment_code_CONTROL_py_5_csv,12
IONO-SOLAR_dtc_experiment_code_CONTROL_py_6_csv,15
IONO-SOLAR_dtc_experiment_code_CONTROL_py_7_csv,22
IONO-SOLAR_dtc_experiment_code_CONTROL_py_8_csv,17
IONO-SOLAR_dtc_experiment_code_CONTROL_py_9_csv,14
