BANK-PIMA_dtc_experiment_code_ANOTHER-CONTROL_py_0_csv,2
BANK-PIMA_dtc_experiment_code_ANOTHER-CONTROL_py_10_csv,20
BANK-PIMA_dtc_experiment_code_ANOTHER-CONTROL_py_11_csv,4
BANK-PIMA_dtc_experiment_code_ANOTHER-CONTROL_py_12_csv,6
BANK-PIMA_dtc_experiment_code_ANOTHER-CONTROL_py_13_csv,7
BANK-PIMA_dtc_experiment_code_ANOTHER-CONTROL_py_14_csv,26
BANK-PIMA_dtc_experiment_code_ANOTHER-CONTROL_py_15_csv,11
BANK-PIMA_dtc_experiment_code_ANOTHER-CONTROL_py_16_csv,17
BANK-PIMA_dtc_experiment_code_ANOTHER-CONTROL_py_17_csv,12
BANK-PIMA_dtc_experiment_code_ANOTHER-CONTROL_py_18_csv,14
BANK-PIMA_dtc_experiment_code_ANOTHER-CONTROL_py_19_csv,22
BANK-PIMA_dtc_experiment_code_ANOTHER-CONTROL_py_1_csv,18
BANK-PIMA_dtc_experiment_code_ANOTHER-CONTROL_py_20_csv,30
BANK-PIMA_dtc_experiment_code_ANOTHER-CONTROL_py_21_csv,5
BANK-PIMA_dtc_experiment_code_ANOTHER-CONTROL_py_22_csv,13
BANK-PIMA_dtc_experiment_code_ANOTHER-CONTROL_py_23_csv,27
BANK-PIMA_dtc_experiment_code_ANOTHER-CONTROL_py_24_csv,15
BANK-PIMA_dtc_experiment_code_ANOTHER-CONTROL_py_25_csv,7
BANK-PIMA_dtc_experiment_code_ANOTHER-CONTROL_py_26_csv,23
BANK-PIMA_dtc_experiment_code_ANOTHER-CONTROL_py_27_csv,31
BANK-PIMA_dtc_experiment_code_ANOTHER-CONTROL_py_28_csv,32
BANK-PIMA_dtc_experiment_code_ANOTHER-CONTROL_py_29_csv,8
BANK-PIMA_dtc_experiment_code_ANOTHER-CONTROL_py_2_csv,7
BANK-PIMA_dtc_experiment_code_ANOTHER-CONTROL_py_3_csv,21
BANK-PIMA_dtc_experiment_code_ANOTHER-CONTROL_py_4_csv,3
BANK-PIMA_dtc_experiment_code_ANOTHER-CONTROL_py_5_csv,28
BANK-PIMA_dtc_experiment_code_ANOTHER-CONTROL_py_6_csv,29
BANK-PIMA_dtc_experiment_code_ANOTHER-CONTROL_py_7_csv,9
BANK-PIMA_dtc_experiment_code_ANOTHER-CONTROL_py_8_csv,24
BANK-PIMA_dtc_experiment_code_ANOTHER-CONTROL_py_9_csv,16
BANK-PIMA_dtc_experiment_code_CONTROL_py_0_csv,2
BANK-PIMA_dtc_experiment_code_CONTROL_py_10_csv,20
BANK-PIMA_dtc_experiment_code_CONTROL_py_11_csv,4
BANK-PIMA_dtc_experiment_code_CONTROL_py_12_csv,6
BANK-PIMA_dtc_experiment_code_CONTROL_py_13_csv,7
BANK-PIMA_dtc_experiment_code_CONTROL_py_14_csv,26
BANK-PIMA_dtc_experiment_code_CONTROL_py_15_csv,11
BANK-PIMA_dtc_experiment_code_CONTROL_py_16_csv,17
BANK-PIMA_dtc_experiment_code_CONTROL_py_17_csv,12
BANK-PIMA_dtc_experiment_code_CONTROL_py_18_csv,14
BANK-PIMA_dtc_experiment_code_CONTROL_py_19_csv,22
BANK-PIMA_dtc_experiment_code_CONTROL_py_1_csv,18
BANK-PIMA_dtc_experiment_code_CONTROL_py_20_csv,30
BANK-PIMA_dtc_experiment_code_CONTROL_py_21_csv,5
BANK-PIMA_dtc_experiment_code_CONTROL_py_22_csv,13
BANK-PIMA_dtc_experiment_code_CONTROL_py_23_csv,27
BANK-PIMA_dtc_experiment_code_CONTROL_py_24_csv,15
BANK-PIMA_dtc_experiment_code_CONTROL_py_25_csv,7
BANK-PIMA_dtc_experiment_code_CONTROL_py_26_csv,23
BANK-PIMA_dtc_experiment_code_CONTROL_py_27_csv,31
BANK-PIMA_dtc_experiment_code_CONTROL_py_28_csv,32
BANK-PIMA_dtc_experiment_code_CONTROL_py_29_csv,8
BANK-PIMA_dtc_experiment_code_CONTROL_py_2_csv,7
BANK-PIMA_dtc_experiment_code_CONTROL_py_3_csv,21
BANK-PIMA_dtc_experiment_code_CONTROL_py_4_csv,3
BANK-PIMA_dtc_experiment_code_CONTROL_py_5_csv,28
BANK-PIMA_dtc_experiment_code_CONTROL_py_6_csv,29
BANK-PIMA_dtc_experiment_code_CONTROL_py_7_csv,9
BANK-PIMA_dtc_experiment_code_CONTROL_py_8_csv,24
BANK-PIMA_dtc_experiment_code_CONTROL_py_9_csv,16
