OIL-MAMMO_dtc_experiment_code_CONTROL_py_0_csv,3
OIL-MAMMO_dtc_experiment_code_CONTROL_py_10_csv,8
OIL-MAMMO_dtc_experiment_code_CONTROL_py_11_csv,1
OIL-MAMMO_dtc_experiment_code_CONTROL_py_12_csv,0
OIL-MAMMO_dtc_experiment_code_CONTROL_py_13_csv,1
OIL-MAMMO_dtc_experiment_code_CONTROL_py_14_csv,1
OIL-MAMMO_dtc_experiment_code_CONTROL_py_15_csv,3
OIL-MAMMO_dtc_experiment_code_CONTROL_py_16_csv,13
OIL-MAMMO_dtc_experiment_code_CONTROL_py_17_csv,3
OIL-MAMMO_dtc_experiment_code_CONTROL_py_18_csv,1
OIL-MAMMO_dtc_experiment_code_CONTROL_py_19_csv,1
OIL-MAMMO_dtc_experiment_code_CONTROL_py_1_csv,3
OIL-MAMMO_dtc_experiment_code_CONTROL_py_20_csv,3
OIL-MAMMO_dtc_experiment_code_CONTROL_py_21_csv,1
OIL-MAMMO_dtc_experiment_code_CONTROL_py_22_csv,1
OIL-MAMMO_dtc_experiment_code_CONTROL_py_23_csv,14
OIL-MAMMO_dtc_experiment_code_CONTROL_py_24_csv,8
OIL-MAMMO_dtc_experiment_code_CONTROL_py_25_csv,14
OIL-MAMMO_dtc_experiment_code_CONTROL_py_26_csv,5
OIL-MAMMO_dtc_experiment_code_CONTROL_py_27_csv,9
OIL-MAMMO_dtc_experiment_code_CONTROL_py_28_csv,11
OIL-MAMMO_dtc_experiment_code_CONTROL_py_29_csv,12
OIL-MAMMO_dtc_experiment_code_CONTROL_py_2_csv,8
OIL-MAMMO_dtc_experiment_code_CONTROL_py_3_csv,1
OIL-MAMMO_dtc_experiment_code_CONTROL_py_4_csv,3
OIL-MAMMO_dtc_experiment_code_CONTROL_py_5_csv,11
OIL-MAMMO_dtc_experiment_code_CONTROL_py_6_csv,5
OIL-MAMMO_dtc_experiment_code_CONTROL_py_7_csv,4
OIL-MAMMO_dtc_experiment_code_CONTROL_py_8_csv,8
OIL-MAMMO_dtc_experiment_code_CONTROL_py_9_csv,10
OIL-MAMMO_dtc_experiment_code_MODEL_py_0_csv,9
OIL-MAMMO_dtc_experiment_code_MODEL_py_10_csv,4
OIL-MAMMO_dtc_experiment_code_MODEL_py_11_csv,13
OIL-MAMMO_dtc_experiment_code_MODEL_py_12_csv,8
OIL-MAMMO_dtc_experiment_code_MODEL_py_13_csv,10
OIL-MAMMO_dtc_experiment_code_MODEL_py_14_csv,13
OIL-MAMMO_dtc_experiment_code_MODEL_py_15_csv,10
OIL-MAMMO_dtc_experiment_code_MODEL_py_16_csv,10
OIL-MAMMO_dtc_experiment_code_MODEL_py_17_csv,9
OIL-MAMMO_dtc_experiment_code_MODEL_py_18_csv,1
OIL-MAMMO_dtc_experiment_code_MODEL_py_19_csv,10
OIL-MAMMO_dtc_experiment_code_MODEL_py_1_csv,5
OIL-MAMMO_dtc_experiment_code_MODEL_py_20_csv,12
OIL-MAMMO_dtc_experiment_code_MODEL_py_21_csv,14
OIL-MAMMO_dtc_experiment_code_MODEL_py_22_csv,0
OIL-MAMMO_dtc_experiment_code_MODEL_py_23_csv,3
OIL-MAMMO_dtc_experiment_code_MODEL_py_24_csv,4
OIL-MAMMO_dtc_experiment_code_MODEL_py_25_csv,6
OIL-MAMMO_dtc_experiment_code_MODEL_py_26_csv,1
OIL-MAMMO_dtc_experiment_code_MODEL_py_27_csv,13
OIL-MAMMO_dtc_experiment_code_MODEL_py_28_csv,7
OIL-MAMMO_dtc_experiment_code_MODEL_py_29_csv,5
OIL-MAMMO_dtc_experiment_code_MODEL_py_2_csv,10
OIL-MAMMO_dtc_experiment_code_MODEL_py_3_csv,9
OIL-MAMMO_dtc_experiment_code_MODEL_py_4_csv,3
OIL-MAMMO_dtc_experiment_code_MODEL_py_5_csv,6
OIL-MAMMO_dtc_experiment_code_MODEL_py_6_csv,3
OIL-MAMMO_dtc_experiment_code_MODEL_py_7_csv,1
OIL-MAMMO_dtc_experiment_code_MODEL_py_8_csv,7
OIL-MAMMO_dtc_experiment_code_MODEL_py_9_csv,1
