IRIS-HABER_dtc_experiment_code_CONTROL_py_0_csv,1
IRIS-HABER_dtc_experiment_code_CONTROL_py_10_csv,3
IRIS-HABER_dtc_experiment_code_CONTROL_py_11_csv,4
IRIS-HABER_dtc_experiment_code_CONTROL_py_12_csv,1
IRIS-HABER_dtc_experiment_code_CONTROL_py_13_csv,6
IRIS-HABER_dtc_experiment_code_CONTROL_py_14_csv,4
IRIS-HABER_dtc_experiment_code_CONTROL_py_15_csv,4
IRIS-HABER_dtc_experiment_code_CONTROL_py_16_csv,4
IRIS-HABER_dtc_experiment_code_CONTROL_py_17_csv,5
IRIS-HABER_dtc_experiment_code_CONTROL_py_18_csv,4
IRIS-HABER_dtc_experiment_code_CONTROL_py_19_csv,4
IRIS-HABER_dtc_experiment_code_CONTROL_py_1_csv,5
IRIS-HABER_dtc_experiment_code_CONTROL_py_20_csv,5
IRIS-HABER_dtc_experiment_code_CONTROL_py_21_csv,5
IRIS-HABER_dtc_experiment_code_CONTROL_py_22_csv,2
IRIS-HABER_dtc_experiment_code_CONTROL_py_23_csv,6
IRIS-HABER_dtc_experiment_code_CONTROL_py_24_csv,4
IRIS-HABER_dtc_experiment_code_CONTROL_py_25_csv,4
IRIS-HABER_dtc_experiment_code_CONTROL_py_26_csv,5
IRIS-HABER_dtc_experiment_code_CONTROL_py_27_csv,5
IRIS-HABER_dtc_experiment_code_CONTROL_py_28_csv,5
IRIS-HABER_dtc_experiment_code_CONTROL_py_29_csv,5
IRIS-HABER_dtc_experiment_code_CONTROL_py_2_csv,5
IRIS-HABER_dtc_experiment_code_CONTROL_py_3_csv,3
IRIS-HABER_dtc_experiment_code_CONTROL_py_4_csv,5
IRIS-HABER_dtc_experiment_code_CONTROL_py_5_csv,3
IRIS-HABER_dtc_experiment_code_CONTROL_py_6_csv,4
IRIS-HABER_dtc_experiment_code_CONTROL_py_7_csv,5
IRIS-HABER_dtc_experiment_code_CONTROL_py_8_csv,4
IRIS-HABER_dtc_experiment_code_CONTROL_py_9_csv,4
IRIS-HABER_dtc_experiment_code_LOGIC_py_0_csv,1
IRIS-HABER_dtc_experiment_code_LOGIC_py_10_csv,0
IRIS-HABER_dtc_experiment_code_LOGIC_py_11_csv,1
IRIS-HABER_dtc_experiment_code_LOGIC_py_12_csv,0
IRIS-HABER_dtc_experiment_code_LOGIC_py_13_csv,7
IRIS-HABER_dtc_experiment_code_LOGIC_py_14_csv,5
IRIS-HABER_dtc_experiment_code_LOGIC_py_15_csv,5
IRIS-HABER_dtc_experiment_code_LOGIC_py_16_csv,3
IRIS-HABER_dtc_experiment_code_LOGIC_py_17_csv,0
IRIS-HABER_dtc_experiment_code_LOGIC_py_18_csv,6
IRIS-HABER_dtc_experiment_code_LOGIC_py_19_csv,5
IRIS-HABER_dtc_experiment_code_LOGIC_py_1_csv,7
IRIS-HABER_dtc_experiment_code_LOGIC_py_20_csv,0
IRIS-HABER_dtc_experiment_code_LOGIC_py_21_csv,3
IRIS-HABER_dtc_experiment_code_LOGIC_py_22_csv,7
IRIS-HABER_dtc_experiment_code_LOGIC_py_23_csv,2
IRIS-HABER_dtc_experiment_code_LOGIC_py_24_csv,6
IRIS-HABER_dtc_experiment_code_LOGIC_py_25_csv,3
IRIS-HABER_dtc_experiment_code_LOGIC_py_26_csv,0
IRIS-HABER_dtc_experiment_code_LOGIC_py_27_csv,7
IRIS-HABER_dtc_experiment_code_LOGIC_py_28_csv,1
IRIS-HABER_dtc_experiment_code_LOGIC_py_29_csv,1
IRIS-HABER_dtc_experiment_code_LOGIC_py_2_csv,1
IRIS-HABER_dtc_experiment_code_LOGIC_py_3_csv,3
IRIS-HABER_dtc_experiment_code_LOGIC_py_4_csv,3
IRIS-HABER_dtc_experiment_code_LOGIC_py_5_csv,0
IRIS-HABER_dtc_experiment_code_LOGIC_py_6_csv,6
IRIS-HABER_dtc_experiment_code_LOGIC_py_7_csv,6
IRIS-HABER_dtc_experiment_code_LOGIC_py_8_csv,6
IRIS-HABER_dtc_experiment_code_LOGIC_py_9_csv,6
