OIL-MAMMO_dtc_experiment_code_CONC_py_0_csv,1
OIL-MAMMO_dtc_experiment_code_CONC_py_10_csv,4
OIL-MAMMO_dtc_experiment_code_CONC_py_11_csv,2
OIL-MAMMO_dtc_experiment_code_CONC_py_12_csv,0
OIL-MAMMO_dtc_experiment_code_CONC_py_13_csv,1
OIL-MAMMO_dtc_experiment_code_CONC_py_14_csv,0
OIL-MAMMO_dtc_experiment_code_CONC_py_15_csv,3
OIL-MAMMO_dtc_experiment_code_CONC_py_16_csv,0
OIL-MAMMO_dtc_experiment_code_CONC_py_17_csv,2
OIL-MAMMO_dtc_experiment_code_CONC_py_18_csv,2
OIL-MAMMO_dtc_experiment_code_CONC_py_19_csv,2
OIL-MAMMO_dtc_experiment_code_CONC_py_1_csv,5
OIL-MAMMO_dtc_experiment_code_CONC_py_20_csv,1
OIL-MAMMO_dtc_experiment_code_CONC_py_21_csv,0
OIL-MAMMO_dtc_experiment_code_CONC_py_22_csv,0
OIL-MAMMO_dtc_experiment_code_CONC_py_23_csv,0
OIL-MAMMO_dtc_experiment_code_CONC_py_24_csv,5
OIL-MAMMO_dtc_experiment_code_CONC_py_25_csv,1
OIL-MAMMO_dtc_experiment_code_CONC_py_26_csv,1
OIL-MAMMO_dtc_experiment_code_CONC_py_27_csv,0
OIL-MAMMO_dtc_experiment_code_CONC_py_28_csv,5
OIL-MAMMO_dtc_experiment_code_CONC_py_29_csv,5
OIL-MAMMO_dtc_experiment_code_CONC_py_2_csv,5
OIL-MAMMO_dtc_experiment_code_CONC_py_3_csv,2
OIL-MAMMO_dtc_experiment_code_CONC_py_4_csv,2
OIL-MAMMO_dtc_experiment_code_CONC_py_5_csv,3
OIL-MAMMO_dtc_experiment_code_CONC_py_6_csv,3
OIL-MAMMO_dtc_experiment_code_CONC_py_7_csv,1
OIL-MAMMO_dtc_experiment_code_CONC_py_8_csv,0
OIL-MAMMO_dtc_experiment_code_CONC_py_9_csv,0
OIL-MAMMO_dtc_experiment_code_CONTROL_py_0_csv,8
OIL-MAMMO_dtc_experiment_code_CONTROL_py_10_csv,6
OIL-MAMMO_dtc_experiment_code_CONTROL_py_11_csv,6
OIL-MAMMO_dtc_experiment_code_CONTROL_py_12_csv,6
OIL-MAMMO_dtc_experiment_code_CONTROL_py_13_csv,8
OIL-MAMMO_dtc_experiment_code_CONTROL_py_14_csv,9
OIL-MAMMO_dtc_experiment_code_CONTROL_py_15_csv,7
OIL-MAMMO_dtc_experiment_code_CONTROL_py_16_csv,4
OIL-MAMMO_dtc_experiment_code_CONTROL_py_17_csv,7
OIL-MAMMO_dtc_experiment_code_CONTROL_py_18_csv,7
OIL-MAMMO_dtc_experiment_code_CONTROL_py_19_csv,8
OIL-MAMMO_dtc_experiment_code_CONTROL_py_1_csv,9
OIL-MAMMO_dtc_experiment_code_CONTROL_py_20_csv,7
OIL-MAMMO_dtc_experiment_code_CONTROL_py_21_csv,4
OIL-MAMMO_dtc_experiment_code_CONTROL_py_22_csv,8
OIL-MAMMO_dtc_experiment_code_CONTROL_py_23_csv,6
OIL-MAMMO_dtc_experiment_code_CONTROL_py_24_csv,7
OIL-MAMMO_dtc_experiment_code_CONTROL_py_25_csv,8
OIL-MAMMO_dtc_experiment_code_CONTROL_py_26_csv,9
OIL-MAMMO_dtc_experiment_code_CONTROL_py_27_csv,6
OIL-MAMMO_dtc_experiment_code_CONTROL_py_28_csv,8
OIL-MAMMO_dtc_experiment_code_CONTROL_py_29_csv,6
OIL-MAMMO_dtc_experiment_code_CONTROL_py_2_csv,7
OIL-MAMMO_dtc_experiment_code_CONTROL_py_3_csv,8
OIL-MAMMO_dtc_experiment_code_CONTROL_py_4_csv,8
OIL-MAMMO_dtc_experiment_code_CONTROL_py_5_csv,9
OIL-MAMMO_dtc_experiment_code_CONTROL_py_6_csv,8
OIL-MAMMO_dtc_experiment_code_CONTROL_py_7_csv,8
OIL-MAMMO_dtc_experiment_code_CONTROL_py_8_csv,8
OIL-MAMMO_dtc_experiment_code_CONTROL_py_9_csv,8
