IONO-SOLAR_dtc_experiment_code_CONTROL_py_0_csv,2
IONO-SOLAR_dtc_experiment_code_CONTROL_py_10_csv,7
IONO-SOLAR_dtc_experiment_code_CONTROL_py_11_csv,4
IONO-SOLAR_dtc_experiment_code_CONTROL_py_12_csv,4
IONO-SOLAR_dtc_experiment_code_CONTROL_py_13_csv,8
IONO-SOLAR_dtc_experiment_code_CONTROL_py_14_csv,3
IONO-SOLAR_dtc_experiment_code_CONTROL_py_15_csv,4
IONO-SOLAR_dtc_experiment_code_CONTROL_py_16_csv,2
IONO-SOLAR_dtc_experiment_code_CONTROL_py_17_csv,7
IONO-SOLAR_dtc_experiment_code_CONTROL_py_18_csv,6
IONO-SOLAR_dtc_experiment_code_CONTROL_py_19_csv,2
IONO-SOLAR_dtc_experiment_code_CONTROL_py_1_csv,0
IONO-SOLAR_dtc_experiment_code_CONTROL_py_20_csv,8
IONO-SOLAR_dtc_experiment_code_CONTROL_py_21_csv,1
IONO-SOLAR_dtc_experiment_code_CONTROL_py_22_csv,2
IONO-SOLAR_dtc_experiment_code_CONTROL_py_23_csv,3
IONO-SOLAR_dtc_experiment_code_CONTROL_py_24_csv,0
IONO-SOLAR_dtc_experiment_code_CONTROL_py_25_csv,8
IONO-SOLAR_dtc_experiment_code_CONTROL_py_26_csv,2
IONO-SOLAR_dtc_experiment_code_CONTROL_py_27_csv,3
IONO-SOLAR_dtc_experiment_code_CONTROL_py_28_csv,5
IONO-SOLAR_dtc_experiment_code_CONTROL_py_29_csv,0
IONO-SOLAR_dtc_experiment_code_CONTROL_py_2_csv,6
IONO-SOLAR_dtc_experiment_code_CONTROL_py_3_csv,1
IONO-SOLAR_dtc_experiment_code_CONTROL_py_4_csv,3
IONO-SOLAR_dtc_experiment_code_CONTROL_py_5_csv,3
IONO-SOLAR_dtc_experiment_code_CONTROL_py_6_csv,5
IONO-SOLAR_dtc_experiment_code_CONTROL_py_7_csv,2
IONO-SOLAR_dtc_experiment_code_CONTROL_py_8_csv,4
IONO-SOLAR_dtc_experiment_code_CONTROL_py_9_csv,5
IONO-SOLAR_dtc_experiment_code_MODEL_py_0_csv,5
IONO-SOLAR_dtc_experiment_code_MODEL_py_10_csv,7
IONO-SOLAR_dtc_experiment_code_MODEL_py_11_csv,2
IONO-SOLAR_dtc_experiment_code_MODEL_py_12_csv,2
IONO-SOLAR_dtc_experiment_code_MODEL_py_13_csv,3
IONO-SOLAR_dtc_experiment_code_MODEL_py_14_csv,6
IONO-SOLAR_dtc_experiment_code_MODEL_py_15_csv,7
IONO-SOLAR_dtc_experiment_code_MODEL_py_16_csv,3
IONO-SOLAR_dtc_experiment_code_MODEL_py_17_csv,1
IONO-SOLAR_dtc_experiment_code_MODEL_py_18_csv,3
IONO-SOLAR_dtc_experiment_code_MODEL_py_19_csv,1
IONO-SOLAR_dtc_experiment_code_MODEL_py_1_csv,0
IONO-SOLAR_dtc_experiment_code_MODEL_py_20_csv,2
IONO-SOLAR_dtc_experiment_code_MODEL_py_21_csv,7
IONO-SOLAR_dtc_experiment_code_MODEL_py_22_csv,2
IONO-SOLAR_dtc_experiment_code_MODEL_py_23_csv,9
IONO-SOLAR_dtc_experiment_code_MODEL_py_24_csv,1
IONO-SOLAR_dtc_experiment_code_MODEL_py_25_csv,2
IONO-SOLAR_dtc_experiment_code_MODEL_py_26_csv,4
IONO-SOLAR_dtc_experiment_code_MODEL_py_27_csv,9
IONO-SOLAR_dtc_experiment_code_MODEL_py_28_csv,2
IONO-SOLAR_dtc_experiment_code_MODEL_py_29_csv,9
IONO-SOLAR_dtc_experiment_code_MODEL_py_2_csv,0
IONO-SOLAR_dtc_experiment_code_MODEL_py_3_csv,4
IONO-SOLAR_dtc_experiment_code_MODEL_py_4_csv,7
IONO-SOLAR_dtc_experiment_code_MODEL_py_5_csv,3
IONO-SOLAR_dtc_experiment_code_MODEL_py_6_csv,9
IONO-SOLAR_dtc_experiment_code_MODEL_py_7_csv,7
IONO-SOLAR_dtc_experiment_code_MODEL_py_8_csv,4
IONO-SOLAR_dtc_experiment_code_MODEL_py_9_csv,9
