CANCER-PHON_dtc_experiment_code_ANOTHER-CONTROL_py_0_csv,1
CANCER-PHON_dtc_experiment_code_ANOTHER-CONTROL_py_10_csv,4
CANCER-PHON_dtc_experiment_code_ANOTHER-CONTROL_py_11_csv,8
CANCER-PHON_dtc_experiment_code_ANOTHER-CONTROL_py_12_csv,16
CANCER-PHON_dtc_experiment_code_ANOTHER-CONTROL_py_13_csv,17
CANCER-PHON_dtc_experiment_code_ANOTHER-CONTROL_py_14_csv,2
CANCER-PHON_dtc_experiment_code_ANOTHER-CONTROL_py_15_csv,10
CANCER-PHON_dtc_experiment_code_ANOTHER-CONTROL_py_16_csv,24
CANCER-PHON_dtc_experiment_code_ANOTHER-CONTROL_py_17_csv,5
CANCER-PHON_dtc_experiment_code_ANOTHER-CONTROL_py_18_csv,18
CANCER-PHON_dtc_experiment_code_ANOTHER-CONTROL_py_19_csv,22
CANCER-PHON_dtc_experiment_code_ANOTHER-CONTROL_py_1_csv,28
CANCER-PHON_dtc_experiment_code_ANOTHER-CONTROL_py_20_csv,32
CANCER-PHON_dtc_experiment_code_ANOTHER-CONTROL_py_21_csv,31
CANCER-PHON_dtc_experiment_code_ANOTHER-CONTROL_py_22_csv,9
CANCER-PHON_dtc_experiment_code_ANOTHER-CONTROL_py_23_csv,12
CANCER-PHON_dtc_experiment_code_ANOTHER-CONTROL_py_24_csv,13
CANCER-PHON_dtc_experiment_code_ANOTHER-CONTROL_py_25_csv,25
CANCER-PHON_dtc_experiment_code_ANOTHER-CONTROL_py_26_csv,23
CANCER-PHON_dtc_experiment_code_ANOTHER-CONTROL_py_27_csv,26
CANCER-PHON_dtc_experiment_code_ANOTHER-CONTROL_py_28_csv,6
CANCER-PHON_dtc_experiment_code_ANOTHER-CONTROL_py_29_csv,11
CANCER-PHON_dtc_experiment_code_ANOTHER-CONTROL_py_2_csv,3
CANCER-PHON_dtc_experiment_code_ANOTHER-CONTROL_py_3_csv,29
CANCER-PHON_dtc_experiment_code_ANOTHER-CONTROL_py_4_csv,33
CANCER-PHON_dtc_experiment_code_ANOTHER-CONTROL_py_5_csv,30
CANCER-PHON_dtc_experiment_code_ANOTHER-CONTROL_py_6_csv,19
CANCER-PHON_dtc_experiment_code_ANOTHER-CONTROL_py_7_csv,27
CANCER-PHON_dtc_experiment_code_ANOTHER-CONTROL_py_8_csv,21
CANCER-PHON_dtc_experiment_code_ANOTHER-CONTROL_py_9_csv,20
CANCER-PHON_dtc_experiment_code_CONTROL_py_0_csv,1
CANCER-PHON_dtc_experiment_code_CONTROL_py_10_csv,4
CANCER-PHON_dtc_experiment_code_CONTROL_py_11_csv,8
CANCER-PHON_dtc_experiment_code_CONTROL_py_12_csv,16
CANCER-PHON_dtc_experiment_code_CONTROL_py_13_csv,17
CANCER-PHON_dtc_experiment_code_CONTROL_py_14_csv,2
CANCER-PHON_dtc_experiment_code_CONTROL_py_15_csv,10
CANCER-PHON_dtc_experiment_code_CONTROL_py_16_csv,24
CANCER-PHON_dtc_experiment_code_CONTROL_py_17_csv,5
CANCER-PHON_dtc_experiment_code_CONTROL_py_18_csv,18
CANCER-PHON_dtc_experiment_code_CONTROL_py_19_csv,22
CANCER-PHON_dtc_experiment_code_CONTROL_py_1_csv,28
CANCER-PHON_dtc_experiment_code_CONTROL_py_20_csv,32
CANCER-PHON_dtc_experiment_code_CONTROL_py_21_csv,31
CANCER-PHON_dtc_experiment_code_CONTROL_py_22_csv,9
CANCER-PHON_dtc_experiment_code_CONTROL_py_23_csv,12
CANCER-PHON_dtc_experiment_code_CONTROL_py_24_csv,13
CANCER-PHON_dtc_experiment_code_CONTROL_py_25_csv,25
CANCER-PHON_dtc_experiment_code_CONTROL_py_26_csv,23
CANCER-PHON_dtc_experiment_code_CONTROL_py_27_csv,26
CANCER-PHON_dtc_experiment_code_CONTROL_py_28_csv,6
CANCER-PHON_dtc_experiment_code_CONTROL_py_29_csv,11
CANCER-PHON_dtc_experiment_code_CONTROL_py_2_csv,3
CANCER-PHON_dtc_experiment_code_CONTROL_py_3_csv,29
CANCER-PHON_dtc_experiment_code_CONTROL_py_4_csv,33
CANCER-PHON_dtc_experiment_code_CONTROL_py_5_csv,30
CANCER-PHON_dtc_experiment_code_CONTROL_py_6_csv,19
CANCER-PHON_dtc_experiment_code_CONTROL_py_7_csv,27
CANCER-PHON_dtc_experiment_code_CONTROL_py_8_csv,21
CANCER-PHON_dtc_experiment_code_CONTROL_py_9_csv,20
