IRIS-HABER_dtc_experiment_code_ANOTHER-CONTROL_py_0_csv,1
IRIS-HABER_dtc_experiment_code_ANOTHER-CONTROL_py_10_csv,22
IRIS-HABER_dtc_experiment_code_ANOTHER-CONTROL_py_11_csv,4
IRIS-HABER_dtc_experiment_code_ANOTHER-CONTROL_py_12_csv,2
IRIS-HABER_dtc_experiment_code_ANOTHER-CONTROL_py_13_csv,26
IRIS-HABER_dtc_experiment_code_ANOTHER-CONTROL_py_14_csv,17
IRIS-HABER_dtc_experiment_code_ANOTHER-CONTROL_py_15_csv,7
IRIS-HABER_dtc_experiment_code_ANOTHER-CONTROL_py_16_csv,9
IRIS-HABER_dtc_experiment_code_ANOTHER-CONTROL_py_17_csv,31
IRIS-HABER_dtc_experiment_code_ANOTHER-CONTROL_py_18_csv,5
IRIS-HABER_dtc_experiment_code_ANOTHER-CONTROL_py_19_csv,20
IRIS-HABER_dtc_experiment_code_ANOTHER-CONTROL_py_1_csv,33
IRIS-HABER_dtc_experiment_code_ANOTHER-CONTROL_py_20_csv,11
IRIS-HABER_dtc_experiment_code_ANOTHER-CONTROL_py_21_csv,28
IRIS-HABER_dtc_experiment_code_ANOTHER-CONTROL_py_22_csv,19
IRIS-HABER_dtc_experiment_code_ANOTHER-CONTROL_py_23_csv,27
IRIS-HABER_dtc_experiment_code_ANOTHER-CONTROL_py_24_csv,8
IRIS-HABER_dtc_experiment_code_ANOTHER-CONTROL_py_25_csv,10
IRIS-HABER_dtc_experiment_code_ANOTHER-CONTROL_py_26_csv,32
IRIS-HABER_dtc_experiment_code_ANOTHER-CONTROL_py_27_csv,13
IRIS-HABER_dtc_experiment_code_ANOTHER-CONTROL_py_28_csv,14
IRIS-HABER_dtc_experiment_code_ANOTHER-CONTROL_py_29_csv,12
IRIS-HABER_dtc_experiment_code_ANOTHER-CONTROL_py_2_csv,29
IRIS-HABER_dtc_experiment_code_ANOTHER-CONTROL_py_3_csv,24
IRIS-HABER_dtc_experiment_code_ANOTHER-CONTROL_py_4_csv,15
IRIS-HABER_dtc_experiment_code_ANOTHER-CONTROL_py_5_csv,23
IRIS-HABER_dtc_experiment_code_ANOTHER-CONTROL_py_6_csv,21
IRIS-HABER_dtc_experiment_code_ANOTHER-CONTROL_py_7_csv,30
IRIS-HABER_dtc_experiment_code_ANOTHER-CONTROL_py_8_csv,18
IRIS-HABER_dtc_experiment_code_ANOTHER-CONTROL_py_9_csv,6
IRIS-HABER_dtc_experiment_code_CONTROL_py_0_csv,1
IRIS-HABER_dtc_experiment_code_CONTROL_py_10_csv,22
IRIS-HABER_dtc_experiment_code_CONTROL_py_11_csv,4
IRIS-HABER_dtc_experiment_code_CONTROL_py_12_csv,2
IRIS-HABER_dtc_experiment_code_CONTROL_py_13_csv,26
IRIS-HABER_dtc_experiment_code_CONTROL_py_14_csv,17
IRIS-HABER_dtc_experiment_code_CONTROL_py_15_csv,7
IRIS-HABER_dtc_experiment_code_CONTROL_py_16_csv,9
IRIS-HABER_dtc_experiment_code_CONTROL_py_17_csv,31
IRIS-HABER_dtc_experiment_code_CONTROL_py_18_csv,5
IRIS-HABER_dtc_experiment_code_CONTROL_py_19_csv,20
IRIS-HABER_dtc_experiment_code_CONTROL_py_1_csv,33
IRIS-HABER_dtc_experiment_code_CONTROL_py_20_csv,11
IRIS-HABER_dtc_experiment_code_CONTROL_py_21_csv,28
IRIS-HABER_dtc_experiment_code_CONTROL_py_22_csv,19
IRIS-HABER_dtc_experiment_code_CONTROL_py_23_csv,27
IRIS-HABER_dtc_experiment_code_CONTROL_py_24_csv,8
IRIS-HABER_dtc_experiment_code_CONTROL_py_25_csv,10
IRIS-HABER_dtc_experiment_code_CONTROL_py_26_csv,32
IRIS-HABER_dtc_experiment_code_CONTROL_py_27_csv,13
IRIS-HABER_dtc_experiment_code_CONTROL_py_28_csv,14
IRIS-HABER_dtc_experiment_code_CONTROL_py_29_csv,12
IRIS-HABER_dtc_experiment_code_CONTROL_py_2_csv,29
IRIS-HABER_dtc_experiment_code_CONTROL_py_3_csv,24
IRIS-HABER_dtc_experiment_code_CONTROL_py_4_csv,15
IRIS-HABER_dtc_experiment_code_CONTROL_py_5_csv,23
IRIS-HABER_dtc_experiment_code_CONTROL_py_6_csv,21
IRIS-HABER_dtc_experiment_code_CONTROL_py_7_csv,30
IRIS-HABER_dtc_experiment_code_CONTROL_py_8_csv,18
IRIS-HABER_dtc_experiment_code_CONTROL_py_9_csv,6
