CANCER-PHON_dtc_experiment_code_CONTROL_py_0_csv,3
CANCER-PHON_dtc_experiment_code_CONTROL_py_10_csv,3
CANCER-PHON_dtc_experiment_code_CONTROL_py_11_csv,4
CANCER-PHON_dtc_experiment_code_CONTROL_py_12_csv,12
CANCER-PHON_dtc_experiment_code_CONTROL_py_13_csv,11
CANCER-PHON_dtc_experiment_code_CONTROL_py_14_csv,8
CANCER-PHON_dtc_experiment_code_CONTROL_py_15_csv,3
CANCER-PHON_dtc_experiment_code_CONTROL_py_16_csv,13
CANCER-PHON_dtc_experiment_code_CONTROL_py_17_csv,1
CANCER-PHON_dtc_experiment_code_CONTROL_py_18_csv,12
CANCER-PHON_dtc_experiment_code_CONTROL_py_19_csv,13
CANCER-PHON_dtc_experiment_code_CONTROL_py_1_csv,2
CANCER-PHON_dtc_experiment_code_CONTROL_py_20_csv,4
CANCER-PHON_dtc_experiment_code_CONTROL_py_21_csv,6
CANCER-PHON_dtc_experiment_code_CONTROL_py_22_csv,3
CANCER-PHON_dtc_experiment_code_CONTROL_py_23_csv,14
CANCER-PHON_dtc_experiment_code_CONTROL_py_24_csv,4
CANCER-PHON_dtc_experiment_code_CONTROL_py_25_csv,12
CANCER-PHON_dtc_experiment_code_CONTROL_py_26_csv,9
CANCER-PHON_dtc_experiment_code_CONTROL_py_27_csv,13
CANCER-PHON_dtc_experiment_code_CONTROL_py_28_csv,5
CANCER-PHON_dtc_experiment_code_CONTROL_py_29_csv,5
CANCER-PHON_dtc_experiment_code_CONTROL_py_2_csv,16
CANCER-PHON_dtc_experiment_code_CONTROL_py_3_csv,2
CANCER-PHON_dtc_experiment_code_CONTROL_py_4_csv,6
CANCER-PHON_dtc_experiment_code_CONTROL_py_5_csv,4
CANCER-PHON_dtc_experiment_code_CONTROL_py_6_csv,15
CANCER-PHON_dtc_experiment_code_CONTROL_py_7_csv,1
CANCER-PHON_dtc_experiment_code_CONTROL_py_8_csv,15
CANCER-PHON_dtc_experiment_code_CONTROL_py_9_csv,11
CANCER-PHON_dtc_experiment_code_TRAIN_py_0_csv,15
CANCER-PHON_dtc_experiment_code_TRAIN_py_10_csv,4
CANCER-PHON_dtc_experiment_code_TRAIN_py_11_csv,2
CANCER-PHON_dtc_experiment_code_TRAIN_py_12_csv,7
CANCER-PHON_dtc_experiment_code_TRAIN_py_13_csv,17
CANCER-PHON_dtc_experiment_code_TRAIN_py_14_csv,17
CANCER-PHON_dtc_experiment_code_TRAIN_py_15_csv,10
CANCER-PHON_dtc_experiment_code_TRAIN_py_16_csv,11
CANCER-PHON_dtc_experiment_code_TRAIN_py_17_csv,1
CANCER-PHON_dtc_experiment_code_TRAIN_py_18_csv,10
CANCER-PHON_dtc_experiment_code_TRAIN_py_19_csv,11
CANCER-PHON_dtc_experiment_code_TRAIN_py_1_csv,11
CANCER-PHON_dtc_experiment_code_TRAIN_py_20_csv,11
CANCER-PHON_dtc_experiment_code_TRAIN_py_21_csv,13
CANCER-PHON_dtc_experiment_code_TRAIN_py_22_csv,14
CANCER-PHON_dtc_experiment_code_TRAIN_py_23_csv,1
CANCER-PHON_dtc_experiment_code_TRAIN_py_24_csv,16
CANCER-PHON_dtc_experiment_code_TRAIN_py_25_csv,16
CANCER-PHON_dtc_experiment_code_TRAIN_py_26_csv,5
CANCER-PHON_dtc_experiment_code_TRAIN_py_27_csv,4
CANCER-PHON_dtc_experiment_code_TRAIN_py_28_csv,13
CANCER-PHON_dtc_experiment_code_TRAIN_py_29_csv,2
CANCER-PHON_dtc_experiment_code_TRAIN_py_2_csv,14
CANCER-PHON_dtc_experiment_code_TRAIN_py_3_csv,1
CANCER-PHON_dtc_experiment_code_TRAIN_py_4_csv,2
CANCER-PHON_dtc_experiment_code_TRAIN_py_5_csv,11
CANCER-PHON_dtc_experiment_code_TRAIN_py_6_csv,6
CANCER-PHON_dtc_experiment_code_TRAIN_py_7_csv,8
CANCER-PHON_dtc_experiment_code_TRAIN_py_8_csv,7
CANCER-PHON_dtc_experiment_code_TRAIN_py_9_csv,9
