IRIS-HABER_dtc_experiment_code_CONTROL_py_0_csv,1
IRIS-HABER_dtc_experiment_code_CONTROL_py_10_csv,2
IRIS-HABER_dtc_experiment_code_CONTROL_py_11_csv,5
IRIS-HABER_dtc_experiment_code_CONTROL_py_12_csv,1
IRIS-HABER_dtc_experiment_code_CONTROL_py_13_csv,6
IRIS-HABER_dtc_experiment_code_CONTROL_py_14_csv,5
IRIS-HABER_dtc_experiment_code_CONTROL_py_15_csv,5
IRIS-HABER_dtc_experiment_code_CONTROL_py_16_csv,5
IRIS-HABER_dtc_experiment_code_CONTROL_py_17_csv,3
IRIS-HABER_dtc_experiment_code_CONTROL_py_18_csv,5
IRIS-HABER_dtc_experiment_code_CONTROL_py_19_csv,5
IRIS-HABER_dtc_experiment_code_CONTROL_py_1_csv,2
IRIS-HABER_dtc_experiment_code_CONTROL_py_20_csv,4
IRIS-HABER_dtc_experiment_code_CONTROL_py_21_csv,6
IRIS-HABER_dtc_experiment_code_CONTROL_py_22_csv,5
IRIS-HABER_dtc_experiment_code_CONTROL_py_23_csv,6
IRIS-HABER_dtc_experiment_code_CONTROL_py_24_csv,5
IRIS-HABER_dtc_experiment_code_CONTROL_py_25_csv,5
IRIS-HABER_dtc_experiment_code_CONTROL_py_26_csv,4
IRIS-HABER_dtc_experiment_code_CONTROL_py_27_csv,4
IRIS-HABER_dtc_experiment_code_CONTROL_py_28_csv,4
IRIS-HABER_dtc_experiment_code_CONTROL_py_29_csv,4
IRIS-HABER_dtc_experiment_code_CONTROL_py_2_csv,6
IRIS-HABER_dtc_experiment_code_CONTROL_py_3_csv,2
IRIS-HABER_dtc_experiment_code_CONTROL_py_4_csv,4
IRIS-HABER_dtc_experiment_code_CONTROL_py_5_csv,2
IRIS-HABER_dtc_experiment_code_CONTROL_py_6_csv,5
IRIS-HABER_dtc_experiment_code_CONTROL_py_7_csv,3
IRIS-HABER_dtc_experiment_code_CONTROL_py_8_csv,5
IRIS-HABER_dtc_experiment_code_CONTROL_py_9_csv,5
IRIS-HABER_dtc_experiment_code_TRAIN_py_0_csv,0
IRIS-HABER_dtc_experiment_code_TRAIN_py_10_csv,0
IRIS-HABER_dtc_experiment_code_TRAIN_py_11_csv,6
IRIS-HABER_dtc_experiment_code_TRAIN_py_12_csv,8
IRIS-HABER_dtc_experiment_code_TRAIN_py_13_csv,3
IRIS-HABER_dtc_experiment_code_TRAIN_py_14_csv,0
IRIS-HABER_dtc_experiment_code_TRAIN_py_15_csv,7
IRIS-HABER_dtc_experiment_code_TRAIN_py_16_csv,8
IRIS-HABER_dtc_experiment_code_TRAIN_py_17_csv,3
IRIS-HABER_dtc_experiment_code_TRAIN_py_18_csv,6
IRIS-HABER_dtc_experiment_code_TRAIN_py_19_csv,8
IRIS-HABER_dtc_experiment_code_TRAIN_py_1_csv,1
IRIS-HABER_dtc_experiment_code_TRAIN_py_20_csv,1
IRIS-HABER_dtc_experiment_code_TRAIN_py_21_csv,8
IRIS-HABER_dtc_experiment_code_TRAIN_py_22_csv,4
IRIS-HABER_dtc_experiment_code_TRAIN_py_23_csv,4
IRIS-HABER_dtc_experiment_code_TRAIN_py_24_csv,7
IRIS-HABER_dtc_experiment_code_TRAIN_py_25_csv,0
IRIS-HABER_dtc_experiment_code_TRAIN_py_26_csv,8
IRIS-HABER_dtc_experiment_code_TRAIN_py_27_csv,0
IRIS-HABER_dtc_experiment_code_TRAIN_py_28_csv,8
IRIS-HABER_dtc_experiment_code_TRAIN_py_29_csv,0
IRIS-HABER_dtc_experiment_code_TRAIN_py_2_csv,1
IRIS-HABER_dtc_experiment_code_TRAIN_py_3_csv,7
IRIS-HABER_dtc_experiment_code_TRAIN_py_4_csv,8
IRIS-HABER_dtc_experiment_code_TRAIN_py_5_csv,7
IRIS-HABER_dtc_experiment_code_TRAIN_py_6_csv,6
IRIS-HABER_dtc_experiment_code_TRAIN_py_7_csv,2
IRIS-HABER_dtc_experiment_code_TRAIN_py_8_csv,7
IRIS-HABER_dtc_experiment_code_TRAIN_py_9_csv,0
