BANK-PIMA_dtc_experiment_code_CONTROL_py_0_csv,2
BANK-PIMA_dtc_experiment_code_CONTROL_py_10_csv,2
BANK-PIMA_dtc_experiment_code_CONTROL_py_11_csv,2
BANK-PIMA_dtc_experiment_code_CONTROL_py_12_csv,2
BANK-PIMA_dtc_experiment_code_CONTROL_py_13_csv,2
BANK-PIMA_dtc_experiment_code_CONTROL_py_14_csv,3
BANK-PIMA_dtc_experiment_code_CONTROL_py_15_csv,4
BANK-PIMA_dtc_experiment_code_CONTROL_py_16_csv,3
BANK-PIMA_dtc_experiment_code_CONTROL_py_17_csv,4
BANK-PIMA_dtc_experiment_code_CONTROL_py_18_csv,4
BANK-PIMA_dtc_experiment_code_CONTROL_py_19_csv,3
BANK-PIMA_dtc_experiment_code_CONTROL_py_1_csv,3
BANK-PIMA_dtc_experiment_code_CONTROL_py_20_csv,1
BANK-PIMA_dtc_experiment_code_CONTROL_py_21_csv,2
BANK-PIMA_dtc_experiment_code_CONTROL_py_22_csv,4
BANK-PIMA_dtc_experiment_code_CONTROL_py_23_csv,3
BANK-PIMA_dtc_experiment_code_CONTROL_py_24_csv,4
BANK-PIMA_dtc_experiment_code_CONTROL_py_25_csv,2
BANK-PIMA_dtc_experiment_code_CONTROL_py_26_csv,3
BANK-PIMA_dtc_experiment_code_CONTROL_py_27_csv,2
BANK-PIMA_dtc_experiment_code_CONTROL_py_28_csv,2
BANK-PIMA_dtc_experiment_code_CONTROL_py_29_csv,2
BANK-PIMA_dtc_experiment_code_CONTROL_py_2_csv,2
BANK-PIMA_dtc_experiment_code_CONTROL_py_3_csv,3
BANK-PIMA_dtc_experiment_code_CONTROL_py_4_csv,4
BANK-PIMA_dtc_experiment_code_CONTROL_py_5_csv,3
BANK-PIMA_dtc_experiment_code_CONTROL_py_6_csv,3
BANK-PIMA_dtc_experiment_code_CONTROL_py_7_csv,4
BANK-PIMA_dtc_experiment_code_CONTROL_py_8_csv,3
BANK-PIMA_dtc_experiment_code_CONTROL_py_9_csv,4
BANK-PIMA_dtc_experiment_code_PROCESS_py_0_csv,6
BANK-PIMA_dtc_experiment_code_PROCESS_py_10_csv,1
BANK-PIMA_dtc_experiment_code_PROCESS_py_11_csv,8
BANK-PIMA_dtc_experiment_code_PROCESS_py_12_csv,5
BANK-PIMA_dtc_experiment_code_PROCESS_py_13_csv,0
BANK-PIMA_dtc_experiment_code_PROCESS_py_14_csv,1
BANK-PIMA_dtc_experiment_code_PROCESS_py_15_csv,1
BANK-PIMA_dtc_experiment_code_PROCESS_py_16_csv,8
BANK-PIMA_dtc_experiment_code_PROCESS_py_17_csv,1
BANK-PIMA_dtc_experiment_code_PROCESS_py_18_csv,1
BANK-PIMA_dtc_experiment_code_PROCESS_py_19_csv,7
BANK-PIMA_dtc_experiment_code_PROCESS_py_1_csv,7
BANK-PIMA_dtc_experiment_code_PROCESS_py_20_csv,6
BANK-PIMA_dtc_experiment_code_PROCESS_py_21_csv,1
BANK-PIMA_dtc_experiment_code_PROCESS_py_22_csv,1
BANK-PIMA_dtc_experiment_code_PROCESS_py_23_csv,8
BANK-PIMA_dtc_experiment_code_PROCESS_py_24_csv,7
BANK-PIMA_dtc_experiment_code_PROCESS_py_25_csv,6
BANK-PIMA_dtc_experiment_code_PROCESS_py_26_csv,0
BANK-PIMA_dtc_experiment_code_PROCESS_py_27_csv,5
BANK-PIMA_dtc_experiment_code_PROCESS_py_28_csv,6
BANK-PIMA_dtc_experiment_code_PROCESS_py_29_csv,7
BANK-PIMA_dtc_experiment_code_PROCESS_py_2_csv,6
BANK-PIMA_dtc_experiment_code_PROCESS_py_3_csv,8
BANK-PIMA_dtc_experiment_code_PROCESS_py_4_csv,5
BANK-PIMA_dtc_experiment_code_PROCESS_py_5_csv,1
BANK-PIMA_dtc_experiment_code_PROCESS_py_6_csv,6
BANK-PIMA_dtc_experiment_code_PROCESS_py_7_csv,1
BANK-PIMA_dtc_experiment_code_PROCESS_py_8_csv,1
BANK-PIMA_dtc_experiment_code_PROCESS_py_9_csv,8
